# JRE version: Java(TM) SE Runtime Environment (19.0.1+10) (build 19.0.1+10-21)
# Java VM: Java HotSpot(TM) 64-Bit Server VM (19.0.1+10-21, mixed mode, sharing, tiered, compressed oops, compressed class ptrs, g1 gc, windows-amd64)
GC Precious Log:
 CardTable entry size: 512
 Card Set container configuration: InlinePtr #cards 5 size 8 Array Of Cards #cards 12 size 40 Howl #buckets 4 coarsen threshold 1843 Howl Bitmap #cards 512 size 80 coarsen threshold 460 Card regions per heap region 1 cards per card region 2048
 CPUs: 8 total, 8 available
 Memory: 7995M
 Large Page Support: Disabled
 NUMA Support: Disabled
 Compressed Oops: Enabled (32-bit)
 Heap Region Size: 1M
 Heap Min Capacity: 8M
 Heap Initial Capacity: 126M
 Heap Max Capacity: 2000M
 Pre-touch: Disabled
 Parallel Workers: 8
 Concurrent Workers: 2
 Concurrent Refinement Workers: 8
 Periodic GC: Disabled
Heap:
 garbage-first heap   total 129024K, used 38471K [0x0000000083000000, 0x0000000100000000)
  region size 1024K, 4 young (4096K), 4 survivors (4096K)
 Metaspace       used 60286K, committed 60800K, reserved 1114112K
  class space    used 7884K, committed 8128K, reserved 1048576K
GC Heap History (20 events):
Event: 2.105 GC heap after
{Heap after GC invocations=6 (full 0):
 garbage-first heap   total 58368K, used 15685K [0x0000000083000000, 0x0000000100000000)
  region size 1024K, 1 young (1024K), 1 survivors (1024K)
 Metaspace       used 24350K, committed 24640K, reserved 1114112K
  class space    used 3067K, committed 3200K, reserved 1048576K
}
Event: 2.509 GC heap before
{Heap before GC invocations=6 (full 0):
 garbage-first heap   total 58368K, used 39237K [0x0000000083000000, 0x0000000100000000)
  region size 1024K, 25 young (25600K), 1 survivors (1024K)
 Metaspace       used 26310K, committed 26624K, reserved 1114112K
  class space    used 3300K, committed 3456K, reserved 1048576K
}
Event: 2.512 GC heap after
{Heap after GC invocations=7 (full 0):
 garbage-first heap   total 58368K, used 16489K [0x0000000083000000, 0x0000000100000000)
  region size 1024K, 2 young (2048K), 2 survivors (2048K)
 Metaspace       used 26310K, committed 26624K, reserved 1114112K
  class space    used 3300K, committed 3456K, reserved 1048576K
}
Event: 3.188 GC heap before
{Heap before GC invocations=7 (full 0):
 garbage-first heap   total 58368K, used 42089K [0x0000000083000000, 0x0000000100000000)
  region size 1024K, 27 young (27648K), 2 survivors (2048K)
 Metaspace       used 30104K, committed 30464K, reserved 1114112K
  class space    used 3798K, committed 3968K, reserved 1048576K
}
Event: 3.195 GC heap after
{Heap after GC invocations=8 (full 0):
 garbage-first heap   total 58368K, used 18851K [0x0000000083000000, 0x0000000100000000)
  region size 1024K, 4 young (4096K), 4 survivors (4096K)
 Metaspace       used 30104K, committed 30464K, reserved 1114112K
  class space    used 3798K, committed 3968K, reserved 1048576K
}
Event: 3.854 GC heap before
{Heap before GC invocations=8 (full 0):
 garbage-first heap   total 58368K, used 42403K [0x0000000083000000, 0x0000000100000000)
  region size 1024K, 27 young (27648K), 4 survivors (4096K)
 Metaspace       used 34802K, committed 35200K, reserved 1114112K
  class space    used 4452K, committed 4672K, reserved 1048576K
}
Event: 3.866 GC heap after
{Heap after GC invocations=9 (full 0):
 garbage-first heap   total 116736K, used 20792K [0x0000000083000000, 0x0000000100000000)
  region size 1024K, 2 young (2048K), 2 survivors (2048K)
 Metaspace       used 34802K, committed 35200K, reserved 1114112K
  class space    used 4452K, committed 4672K, reserved 1048576K
}
Event: 3.999 GC heap before
{Heap before GC invocations=9 (full 0):
 garbage-first heap   total 116736K, used 22840K [0x0000000083000000, 0x0000000100000000)
  region size 1024K, 5 young (5120K), 2 survivors (2048K)
 Metaspace       used 35941K, committed 36288K, reserved 1114112K
  class space    used 4675K, committed 4800K, reserved 1048576K
}
Event: 4.004 GC heap after
{Heap after GC invocations=10 (full 0):
 garbage-first heap   total 116736K, used 21001K [0x0000000083000000, 0x0000000100000000)
  region size 1024K, 3 young (3072K), 3 survivors (3072K)
 Metaspace       used 35941K, committed 36288K, reserved 1114112K
  class space    used 4675K, committed 4800K, reserved 1048576K
}
Event: 5.282 GC heap before
{Heap before GC invocations=11 (full 0):
 garbage-first heap   total 78848K, used 65033K [0x0000000083000000, 0x0000000100000000)
  region size 1024K, 46 young (47104K), 3 survivors (3072K)
 Metaspace       used 47880K, committed 48192K, reserved 1114112K
  class space    used 6317K, committed 6464K, reserved 1048576K
}
Event: 5.290 GC heap after
{Heap after GC invocations=12 (full 0):
 garbage-first heap   total 78848K, used 24258K [0x0000000083000000, 0x0000000100000000)
  region size 1024K, 6 young (6144K), 6 survivors (6144K)
 Metaspace       used 47880K, committed 48192K, reserved 1114112K
  class space    used 6317K, committed 6464K, reserved 1048576K
}
Event: 5.311 GC heap before
{Heap before GC invocations=12 (full 0):
 garbage-first heap   total 78848K, used 25282K [0x0000000083000000, 0x0000000100000000)
  region size 1024K, 7 young (7168K), 6 survivors (6144K)
 Metaspace       used 48129K, committed 48448K, reserved 1114112K
  class space    used 6351K, committed 6528K, reserved 1048576K
}
Event: 5.318 GC heap after
{Heap after GC invocations=13 (full 0):
 garbage-first heap   total 78848K, used 24953K [0x0000000083000000, 0x0000000100000000)
  region size 1024K, 1 young (1024K), 1 survivors (1024K)
 Metaspace       used 48129K, committed 48448K, reserved 1114112K
  class space    used 6351K, committed 6528K, reserved 1048576K
}
Event: 6.219 GC heap before
{Heap before GC invocations=13 (full 0):
 garbage-first heap   total 78848K, used 59769K [0x0000000083000000, 0x0000000100000000)
  region size 1024K, 36 young (36864K), 1 survivors (1024K)
 Metaspace       used 53724K, committed 54144K, reserved 1114112K
  class space    used 7044K, committed 7232K, reserved 1048576K
}
Event: 6.227 GC heap after
{Heap after GC invocations=14 (full 0):
 garbage-first heap   total 78848K, used 26799K [0x0000000083000000, 0x0000000100000000)
  region size 1024K, 3 young (3072K), 3 survivors (3072K)
 Metaspace       used 53724K, committed 54144K, reserved 1114112K
  class space    used 7044K, committed 7232K, reserved 1048576K
}
Event: 7.046 GC heap before
{Heap before GC invocations=14 (full 0):
 garbage-first heap   total 78848K, used 60591K [0x0000000083000000, 0x0000000100000000)
  region size 1024K, 36 young (36864K), 3 survivors (3072K)
 Metaspace       used 56754K, committed 57280K, reserved 1114112K
  class space    used 7398K, committed 7680K, reserved 1048576K
}
Event: 7.062 GC heap after
{Heap after GC invocations=15 (full 0):
 garbage-first heap   total 78848K, used 30346K [0x0000000083000000, 0x0000000100000000)
  region size 1024K, 5 young (5120K), 5 survivors (5120K)
 Metaspace       used 56754K, committed 57280K, reserved 1114112K
  class space    used 7398K, committed 7680K, reserved 1048576K
}
Event: 7.746 GC heap before
{Heap before GC invocations=15 (full 0):
 garbage-first heap   total 78848K, used 61066K [0x0000000083000000, 0x0000000100000000)
  region size 1024K, 35 young (35840K), 5 survivors (5120K)
 Metaspace       used 59243K, committed 59712K, reserved 1114112K
  class space    used 7710K, committed 7936K, reserved 1048576K
}
Event: 7.763 GC heap after
{Heap after GC invocations=16 (full 0):
 garbage-first heap   total 78848K, used 34373K [0x0000000083000000, 0x0000000100000000)
  region size 1024K, 4 young (4096K), 4 survivors (4096K)
 Metaspace       used 59243K, committed 59712K, reserved 1114112K
  class space    used 7710K, committed 7936K, reserved 1048576K
}
Event: 8.190 GC heap before
{Heap before GC invocations=16 (full 0):
 garbage-first heap   total 78848K, used 62021K [0x0000000083000000, 0x0000000100000000)
  region size 1024K, 31 young (31744K), 4 survivors (4096K)
 Metaspace       used 60286K, committed 60800K, reserved 1114112K
  class space    used 7884K, committed 8128K, reserved 1048576K
}

