# JRE version: Java(TM) SE Runtime Environment (19.0.1+10) (build 19.0.1+10-21)
# Java VM: Java HotSpot(TM) 64-Bit Server VM (19.0.1+10-21, mixed mode, sharing, tiered, compressed oops, compressed class ptrs, g1 gc, windows-amd64)
GC Precious Log:
 CardTable entry size: 512
 Card Set container configuration: InlinePtr #cards 5 size 8 Array Of Cards #cards 12 size 40 Howl #buckets 4 coarsen threshold 1843 Howl Bitmap #cards 512 size 80 coarsen threshold 460 Card regions per heap region 1 cards per card region 2048
 CPUs: 8 total, 8 available
 Memory: 7995M
 Large Page Support: Disabled
 NUMA Support: Disabled
 Compressed Oops: Enabled (32-bit)
 Heap Region Size: 1M
 Heap Min Capacity: 8M
 Heap Initial Capacity: 126M
 Heap Max Capacity: 2000M
 Pre-touch: Disabled
 Parallel Workers: 8
 Concurrent Workers: 2
 Concurrent Refinement Workers: 8
 Periodic GC: Disabled
Heap:
 garbage-first heap   total 78848K, used 38998K [0x0000000083000000, 0x0000000100000000)
  region size 1024K, 1 young (1024K), 1 survivors (1024K)
 Metaspace       used 60309K, committed 60800K, reserved 1114112K
  class space    used 7888K, committed 8128K, reserved 1048576K
GC Heap History (20 events):
Event: 1.833 GC heap after
{Heap after GC invocations=6 (full 0):
 garbage-first heap   total 59392K, used 16152K [0x0000000083000000, 0x0000000100000000)
  region size 1024K, 1 young (1024K), 1 survivors (1024K)
 Metaspace       used 24373K, committed 24576K, reserved 1114112K
  class space    used 3061K, committed 3136K, reserved 1048576K
}
Event: 2.177 GC heap before
{Heap before GC invocations=6 (full 0):
 garbage-first heap   total 59392K, used 40728K [0x0000000083000000, 0x0000000100000000)
  region size 1024K, 26 young (26624K), 1 survivors (1024K)
 Metaspace       used 27951K, committed 28288K, reserved 1114112K
  class space    used 3526K, committed 3712K, reserved 1048576K
}
Event: 2.180 GC heap after
{Heap after GC invocations=7 (full 0):
 garbage-first heap   total 59392K, used 16976K [0x0000000083000000, 0x0000000100000000)
  region size 1024K, 2 young (2048K), 2 survivors (2048K)
 Metaspace       used 27951K, committed 28288K, reserved 1114112K
  class space    used 3526K, committed 3712K, reserved 1048576K
}
Event: 2.582 GC heap before
{Heap before GC invocations=7 (full 0):
 garbage-first heap   total 59392K, used 42576K [0x0000000083000000, 0x0000000100000000)
  region size 1024K, 27 young (27648K), 2 survivors (2048K)
 Metaspace       used 30964K, committed 31360K, reserved 1114112K
  class space    used 3908K, committed 4096K, reserved 1048576K
}
Event: 2.588 GC heap after
{Heap after GC invocations=8 (full 0):
 garbage-first heap   total 59392K, used 19456K [0x0000000083000000, 0x0000000100000000)
  region size 1024K, 4 young (4096K), 4 survivors (4096K)
 Metaspace       used 30964K, committed 31360K, reserved 1114112K
  class space    used 3908K, committed 4096K, reserved 1048576K
}
Event: 2.916 GC heap before
{Heap before GC invocations=8 (full 0):
 garbage-first heap   total 59392K, used 34816K [0x0000000083000000, 0x0000000100000000)
  region size 1024K, 20 young (20480K), 4 survivors (4096K)
 Metaspace       used 35869K, committed 36160K, reserved 1114112K
  class space    used 4665K, committed 4800K, reserved 1048576K
}
Event: 2.923 GC heap after
{Heap after GC invocations=9 (full 0):
 garbage-first heap   total 125952K, used 20858K [0x0000000083000000, 0x0000000100000000)
  region size 1024K, 2 young (2048K), 2 survivors (2048K)
 Metaspace       used 35869K, committed 36160K, reserved 1114112K
  class space    used 4665K, committed 4800K, reserved 1048576K
}
Event: 3.675 GC heap before
{Heap before GC invocations=10 (full 0):
 garbage-first heap   total 78848K, used 64890K [0x0000000083000000, 0x0000000100000000)
  region size 1024K, 46 young (47104K), 2 survivors (2048K)
 Metaspace       used 48026K, committed 48448K, reserved 1114112K
  class space    used 6329K, committed 6528K, reserved 1048576K
}
Event: 3.680 GC heap after
{Heap after GC invocations=11 (full 0):
 garbage-first heap   total 78848K, used 23892K [0x0000000083000000, 0x0000000100000000)
  region size 1024K, 5 young (5120K), 5 survivors (5120K)
 Metaspace       used 48026K, committed 48448K, reserved 1114112K
  class space    used 6329K, committed 6528K, reserved 1048576K
}
Event: 3.694 GC heap before
{Heap before GC invocations=11 (full 0):
 garbage-first heap   total 78848K, used 24916K [0x0000000083000000, 0x0000000100000000)
  region size 1024K, 6 young (6144K), 5 survivors (5120K)
 Metaspace       used 48293K, committed 48640K, reserved 1114112K
  class space    used 6364K, committed 6528K, reserved 1048576K
}
Event: 3.698 GC heap after
{Heap after GC invocations=12 (full 0):
 garbage-first heap   total 78848K, used 24510K [0x0000000083000000, 0x0000000100000000)
  region size 1024K, 1 young (1024K), 1 survivors (1024K)
 Metaspace       used 48293K, committed 48640K, reserved 1114112K
  class space    used 6364K, committed 6528K, reserved 1048576K
}
Event: 4.264 GC heap before
{Heap before GC invocations=12 (full 0):
 garbage-first heap   total 78848K, used 59326K [0x0000000083000000, 0x0000000100000000)
  region size 1024K, 36 young (36864K), 1 survivors (1024K)
 Metaspace       used 54027K, committed 54400K, reserved 1114112K
  class space    used 7083K, committed 7232K, reserved 1048576K
}
Event: 4.268 GC heap after
{Heap after GC invocations=13 (full 0):
 garbage-first heap   total 78848K, used 26488K [0x0000000083000000, 0x0000000100000000)
  region size 1024K, 3 young (3072K), 3 survivors (3072K)
 Metaspace       used 54027K, committed 54400K, reserved 1114112K
  class space    used 7083K, committed 7232K, reserved 1048576K
}
Event: 4.767 GC heap before
{Heap before GC invocations=13 (full 0):
 garbage-first heap   total 78848K, used 60280K [0x0000000083000000, 0x0000000100000000)
  region size 1024K, 36 young (36864K), 3 survivors (3072K)
 Metaspace       used 56610K, committed 57088K, reserved 1114112K
  class space    used 7380K, committed 7616K, reserved 1048576K
}
Event: 4.774 GC heap after
{Heap after GC invocations=14 (full 0):
 garbage-first heap   total 78848K, used 30166K [0x0000000083000000, 0x0000000100000000)
  region size 1024K, 5 young (5120K), 5 survivors (5120K)
 Metaspace       used 56610K, committed 57088K, reserved 1114112K
  class space    used 7380K, committed 7616K, reserved 1048576K
}
Event: 5.180 GC heap before
{Heap before GC invocations=14 (full 0):
 garbage-first heap   total 78848K, used 60886K [0x0000000083000000, 0x0000000100000000)
  region size 1024K, 35 young (35840K), 5 survivors (5120K)
 Metaspace       used 59152K, committed 59648K, reserved 1114112K
  class space    used 7693K, committed 7936K, reserved 1048576K
}
Event: 5.191 GC heap after
{Heap after GC invocations=15 (full 0):
 garbage-first heap   total 78848K, used 34416K [0x0000000083000000, 0x0000000100000000)
  region size 1024K, 4 young (4096K), 4 survivors (4096K)
 Metaspace       used 59152K, committed 59648K, reserved 1114112K
  class space    used 7693K, committed 7936K, reserved 1048576K
}
Event: 5.525 GC heap before
{Heap before GC invocations=15 (full 0):
 garbage-first heap   total 78848K, used 62064K [0x0000000083000000, 0x0000000100000000)
  region size 1024K, 31 young (31744K), 4 survivors (4096K)
 Metaspace       used 60206K, committed 60672K, reserved 1114112K
  class space    used 7877K, committed 8128K, reserved 1048576K
}
Event: 5.536 GC heap after
{Heap after GC invocations=16 (full 0):
 garbage-first heap   total 78848K, used 38467K [0x0000000083000000, 0x0000000100000000)
  region size 1024K, 4 young (4096K), 4 survivors (4096K)
 Metaspace       used 60206K, committed 60672K, reserved 1114112K
  class space    used 7877K, committed 8128K, reserved 1048576K
}
Event: 5.555 GC heap before
{Heap before GC invocations=16 (full 0):
 garbage-first heap   total 78848K, used 39491K [0x0000000083000000, 0x0000000100000000)
  region size 1024K, 6 young (6144K), 4 survivors (4096K)
 Metaspace       used 60309K, committed 60800K, reserved 1114112K
  class space    used 7888K, committed 8128K, reserved 1048576K
}

