# JRE version: Java(TM) SE Runtime Environment (19.0.1+10) (build 19.0.1+10-21)
# Java VM: Java HotSpot(TM) 64-Bit Server VM (19.0.1+10-21, mixed mode, sharing, tiered, compressed oops, compressed class ptrs, g1 gc, windows-amd64)
GC Precious Log:
 CardTable entry size: 512
 Card Set container configuration: InlinePtr #cards 5 size 8 Array Of Cards #cards 12 size 40 Howl #buckets 4 coarsen threshold 1843 Howl Bitmap #cards 512 size 80 coarsen threshold 460 Card regions per heap region 1 cards per card region 2048
 CPUs: 8 total, 8 available
 Memory: 7995M
 Large Page Support: Disabled
 NUMA Support: Disabled
 Compressed Oops: Enabled (32-bit)
 Heap Region Size: 1M
 Heap Min Capacity: 8M
 Heap Initial Capacity: 126M
 Heap Max Capacity: 2000M
 Pre-touch: Disabled
 Parallel Workers: 8
 Concurrent Workers: 2
 Concurrent Refinement Workers: 8
 Periodic GC: Disabled
Heap:
 garbage-first heap   total 78848K, used 37111K [0x0000000083000000, 0x0000000100000000)
  region size 1024K, 19 young (19456K), 2 survivors (2048K)
 Metaspace       used 47491K, committed 47872K, reserved 1114112K
  class space    used 6169K, committed 6336K, reserved 1048576K
GC Heap History (20 events):
Event: 1.670 GC heap before
{Heap before GC invocations=1 (full 0):
 garbage-first heap   total 129024K, used 36489K [0x0000000083000000, 0x0000000100000000)
  region size 1024K, 33 young (33792K), 3 survivors (3072K)
 Metaspace       used 14107K, committed 14400K, reserved 1114112K
  class space    used 1643K, committed 1792K, reserved 1048576K
}
Event: 1.675 GC heap after
{Heap after GC invocations=2 (full 0):
 garbage-first heap   total 129024K, used 9339K [0x0000000083000000, 0x0000000100000000)
  region size 1024K, 3 young (3072K), 3 survivors (3072K)
 Metaspace       used 14107K, committed 14400K, reserved 1114112K
  class space    used 1643K, committed 1792K, reserved 1048576K
}
Event: 3.254 GC heap before
{Heap before GC invocations=2 (full 0):
 garbage-first heap   total 129024K, used 54395K [0x0000000083000000, 0x0000000100000000)
  region size 1024K, 48 young (49152K), 3 survivors (3072K)
 Metaspace       used 21240K, committed 21504K, reserved 1114112K
  class space    used 2522K, committed 2688K, reserved 1048576K
}
Event: 3.260 GC heap after
{Heap after GC invocations=3 (full 0):
 garbage-first heap   total 129024K, used 12521K [0x0000000083000000, 0x0000000100000000)
  region size 1024K, 6 young (6144K), 6 survivors (6144K)
 Metaspace       used 21240K, committed 21504K, reserved 1114112K
  class space    used 2522K, committed 2688K, reserved 1048576K
}
Event: 3.982 GC heap before
{Heap before GC invocations=4 (full 0):
 garbage-first heap   total 48128K, used 35049K [0x0000000083000000, 0x0000000100000000)
  region size 1024K, 28 young (28672K), 6 survivors (6144K)
 Metaspace       used 26152K, committed 26496K, reserved 1114112K
  class space    used 3181K, committed 3328K, reserved 1048576K
}
Event: 3.990 GC heap after
{Heap after GC invocations=5 (full 0):
 garbage-first heap   total 48128K, used 15545K [0x0000000083000000, 0x0000000100000000)
  region size 1024K, 4 young (4096K), 4 survivors (4096K)
 Metaspace       used 26152K, committed 26496K, reserved 1114112K
  class space    used 3181K, committed 3328K, reserved 1048576K
}
Event: 4.024 GC heap before
{Heap before GC invocations=5 (full 0):
 garbage-first heap   total 48128K, used 16569K [0x0000000083000000, 0x0000000100000000)
  region size 1024K, 5 young (5120K), 4 survivors (4096K)
 Metaspace       used 26470K, committed 26880K, reserved 1114112K
  class space    used 3213K, committed 3392K, reserved 1048576K
}
Event: 4.029 GC heap after
{Heap after GC invocations=6 (full 0):
 garbage-first heap   total 48128K, used 15985K [0x0000000083000000, 0x0000000100000000)
  region size 1024K, 1 young (1024K), 1 survivors (1024K)
 Metaspace       used 26470K, committed 26880K, reserved 1114112K
  class space    used 3213K, committed 3392K, reserved 1048576K
}
Event: 4.527 GC heap before
{Heap before GC invocations=6 (full 0):
 garbage-first heap   total 48128K, used 33393K [0x0000000083000000, 0x0000000100000000)
  region size 1024K, 19 young (19456K), 1 survivors (1024K)
 Metaspace       used 30478K, committed 30848K, reserved 1114112K
  class space    used 3643K, committed 3840K, reserved 1048576K
}
Event: 4.529 GC heap after
{Heap after GC invocations=7 (full 0):
 garbage-first heap   total 48128K, used 17066K [0x0000000083000000, 0x0000000100000000)
  region size 1024K, 2 young (2048K), 2 survivors (2048K)
 Metaspace       used 30478K, committed 30848K, reserved 1114112K
  class space    used 3643K, committed 3840K, reserved 1048576K
}
Event: 5.190 GC heap before
{Heap before GC invocations=7 (full 0):
 garbage-first heap   total 48128K, used 34474K [0x0000000083000000, 0x0000000100000000)
  region size 1024K, 20 young (20480K), 2 survivors (2048K)
 Metaspace       used 35257K, committed 35712K, reserved 1114112K
  class space    used 4330K, committed 4544K, reserved 1048576K
}
Event: 5.193 GC heap after
{Heap after GC invocations=8 (full 0):
 garbage-first heap   total 48128K, used 18606K [0x0000000083000000, 0x0000000100000000)
  region size 1024K, 2 young (2048K), 2 survivors (2048K)
 Metaspace       used 35257K, committed 35712K, reserved 1114112K
  class space    used 4330K, committed 4544K, reserved 1048576K
}
Event: 5.224 GC heap before
{Heap before GC invocations=8 (full 0):
 garbage-first heap   total 48128K, used 18606K [0x0000000083000000, 0x0000000100000000)
  region size 1024K, 3 young (3072K), 2 survivors (2048K)
 Metaspace       used 35584K, committed 35968K, reserved 1114112K
  class space    used 4401K, committed 4608K, reserved 1048576K
}
Event: 5.226 GC heap after
{Heap after GC invocations=9 (full 0):
 garbage-first heap   total 48128K, used 18833K [0x0000000083000000, 0x0000000100000000)
  region size 1024K, 1 young (1024K), 1 survivors (1024K)
 Metaspace       used 35584K, committed 35968K, reserved 1114112K
  class space    used 4401K, committed 4608K, reserved 1048576K
}
Event: 5.846 GC heap before
{Heap before GC invocations=10 (full 0):
 garbage-first heap   total 48128K, used 36241K [0x0000000083000000, 0x0000000100000000)
  region size 1024K, 18 young (18432K), 1 survivors (1024K)
 Metaspace       used 41231K, committed 41600K, reserved 1114112K
  class space    used 5217K, committed 5376K, reserved 1048576K
}
Event: 5.849 GC heap after
{Heap after GC invocations=11 (full 0):
 garbage-first heap   total 48128K, used 19669K [0x0000000083000000, 0x0000000100000000)
  region size 1024K, 2 young (2048K), 2 survivors (2048K)
 Metaspace       used 41231K, committed 41600K, reserved 1114112K
  class space    used 5217K, committed 5376K, reserved 1048576K
}
Event: 5.880 GC heap before
{Heap before GC invocations=11 (full 0):
 garbage-first heap   total 48128K, used 20693K [0x0000000083000000, 0x0000000100000000)
  region size 1024K, 3 young (3072K), 2 survivors (2048K)
 Metaspace       used 41486K, committed 41856K, reserved 1114112K
  class space    used 5272K, committed 5440K, reserved 1048576K
}
Event: 5.883 GC heap after
{Heap after GC invocations=12 (full 0):
 garbage-first heap   total 48128K, used 19491K [0x0000000083000000, 0x0000000100000000)
  region size 1024K, 1 young (1024K), 1 survivors (1024K)
 Metaspace       used 41486K, committed 41856K, reserved 1114112K
  class space    used 5272K, committed 5440K, reserved 1048576K
}
Event: 6.520 GC heap before
{Heap before GC invocations=12 (full 0):
 garbage-first heap   total 48128K, used 35875K [0x0000000083000000, 0x0000000100000000)
  region size 1024K, 18 young (18432K), 1 survivors (1024K)
 Metaspace       used 45175K, committed 45568K, reserved 1114112K
  class space    used 5887K, committed 6080K, reserved 1048576K
}
Event: 6.523 GC heap after
{Heap after GC invocations=13 (full 0):
 garbage-first heap   total 78848K, used 20727K [0x0000000083000000, 0x0000000100000000)
  region size 1024K, 2 young (2048K), 2 survivors (2048K)
 Metaspace       used 45175K, committed 45568K, reserved 1114112K
  class space    used 5887K, committed 6080K, reserved 1048576K
}

