# JRE version: Java(TM) SE Runtime Environment (19.0.1+10) (build 19.0.1+10-21)
# Java VM: Java HotSpot(TM) 64-Bit Server VM (19.0.1+10-21, mixed mode, sharing, tiered, compressed oops, compressed class ptrs, g1 gc, windows-amd64)
GC Precious Log:
 CardTable entry size: 512
 Card Set container configuration: InlinePtr #cards 5 size 8 Array Of Cards #cards 12 size 40 Howl #buckets 4 coarsen threshold 1843 Howl Bitmap #cards 512 size 80 coarsen threshold 460 Card regions per heap region 1 cards per card region 2048
 CPUs: 8 total, 8 available
 Memory: 7995M
 Large Page Support: Disabled
 NUMA Support: Disabled
 Compressed Oops: Enabled (32-bit)
 Heap Region Size: 1M
 Heap Min Capacity: 8M
 Heap Initial Capacity: 126M
 Heap Max Capacity: 2000M
 Pre-touch: Disabled
 Parallel Workers: 8
 Concurrent Workers: 2
 Concurrent Refinement Workers: 8
 Periodic GC: Disabled
Heap:
 garbage-first heap   total 75776K, used 32328K [0x0000000083000000, 0x0000000100000000)
  region size 1024K, 9 young (9216K), 5 survivors (5120K)
 Metaspace       used 56622K, committed 57088K, reserved 1114112K
  class space    used 7377K, committed 7616K, reserved 1048576K
GC Heap History (20 events):
Event: 1.934 GC heap before
{Heap before GC invocations=4 (full 0):
 garbage-first heap   total 55296K, used 41565K [0x0000000083000000, 0x0000000100000000)
  region size 1024K, 34 young (34816K), 7 survivors (7168K)
 Metaspace       used 24352K, committed 24640K, reserved 1114112K
  class space    used 3068K, committed 3200K, reserved 1048576K
}
Event: 1.942 GC heap after
{Heap after GC invocations=5 (full 0):
 garbage-first heap   total 55296K, used 15242K [0x0000000083000000, 0x0000000100000000)
  region size 1024K, 2 young (2048K), 2 survivors (2048K)
 Metaspace       used 24352K, committed 24640K, reserved 1114112K
  class space    used 3068K, committed 3200K, reserved 1048576K
}
Event: 1.949 GC heap before
{Heap before GC invocations=5 (full 0):
 garbage-first heap   total 55296K, used 16266K [0x0000000083000000, 0x0000000100000000)
  region size 1024K, 3 young (3072K), 2 survivors (2048K)
 Metaspace       used 24367K, committed 24640K, reserved 1114112K
  class space    used 3068K, committed 3200K, reserved 1048576K
}
Event: 1.952 GC heap after
{Heap after GC invocations=6 (full 0):
 garbage-first heap   total 55296K, used 15684K [0x0000000083000000, 0x0000000100000000)
  region size 1024K, 1 young (1024K), 1 survivors (1024K)
 Metaspace       used 24367K, committed 24640K, reserved 1114112K
  class space    used 3068K, committed 3200K, reserved 1048576K
}
Event: 2.231 GC heap before
{Heap before GC invocations=6 (full 0):
 garbage-first heap   total 55296K, used 37188K [0x0000000083000000, 0x0000000100000000)
  region size 1024K, 23 young (23552K), 1 survivors (1024K)
 Metaspace       used 25918K, committed 26240K, reserved 1114112K
  class space    used 3249K, committed 3392K, reserved 1048576K
}
Event: 2.234 GC heap after
{Heap after GC invocations=7 (full 0):
 garbage-first heap   total 55296K, used 16362K [0x0000000083000000, 0x0000000100000000)
  region size 1024K, 2 young (2048K), 2 survivors (2048K)
 Metaspace       used 25918K, committed 26240K, reserved 1114112K
  class space    used 3249K, committed 3392K, reserved 1048576K
}
Event: 2.826 GC heap before
{Heap before GC invocations=7 (full 0):
 garbage-first heap   total 55296K, used 38890K [0x0000000083000000, 0x0000000100000000)
  region size 1024K, 24 young (24576K), 2 survivors (2048K)
 Metaspace       used 29485K, committed 29824K, reserved 1114112K
  class space    used 3695K, committed 3840K, reserved 1048576K
}
Event: 2.833 GC heap after
{Heap after GC invocations=8 (full 0):
 garbage-first heap   total 55296K, used 18287K [0x0000000083000000, 0x0000000100000000)
  region size 1024K, 3 young (3072K), 3 survivors (3072K)
 Metaspace       used 29485K, committed 29824K, reserved 1114112K
  class space    used 3695K, committed 3840K, reserved 1048576K
}
Event: 3.507 GC heap before
{Heap before GC invocations=8 (full 0):
 garbage-first heap   total 55296K, used 40815K [0x0000000083000000, 0x0000000100000000)
  region size 1024K, 25 young (25600K), 3 survivors (3072K)
 Metaspace       used 33052K, committed 33408K, reserved 1114112K
  class space    used 4154K, committed 4288K, reserved 1048576K
}
Event: 3.524 GC heap after
{Heap after GC invocations=9 (full 0):
 garbage-first heap   total 110592K, used 20263K [0x0000000083000000, 0x0000000100000000)
  region size 1024K, 2 young (2048K), 2 survivors (2048K)
 Metaspace       used 33052K, committed 33408K, reserved 1114112K
  class space    used 4154K, committed 4288K, reserved 1048576K
}
Event: 3.854 GC heap before
{Heap before GC invocations=9 (full 0):
 garbage-first heap   total 110592K, used 28455K [0x0000000083000000, 0x0000000100000000)
  region size 1024K, 11 young (11264K), 2 survivors (2048K)
 Metaspace       used 35839K, committed 36160K, reserved 1114112K
  class space    used 4651K, committed 4800K, reserved 1048576K
}
Event: 3.861 GC heap after
{Heap after GC invocations=10 (full 0):
 garbage-first heap   total 110592K, used 21093K [0x0000000083000000, 0x0000000100000000)
  region size 1024K, 3 young (3072K), 3 survivors (3072K)
 Metaspace       used 35839K, committed 36160K, reserved 1114112K
  class space    used 4651K, committed 4800K, reserved 1048576K
}
Event: 5.312 GC heap before
{Heap before GC invocations=11 (full 0):
 garbage-first heap   total 75776K, used 63077K [0x0000000083000000, 0x0000000100000000)
  region size 1024K, 44 young (45056K), 3 survivors (3072K)
 Metaspace       used 47192K, committed 47552K, reserved 1114112K
  class space    used 6215K, committed 6400K, reserved 1048576K
}
Event: 5.324 GC heap after
{Heap after GC invocations=12 (full 0):
 garbage-first heap   total 75776K, used 24290K [0x0000000083000000, 0x0000000100000000)
  region size 1024K, 6 young (6144K), 6 survivors (6144K)
 Metaspace       used 47192K, committed 47552K, reserved 1114112K
  class space    used 6215K, committed 6400K, reserved 1048576K
}
Event: 5.352 GC heap before
{Heap before GC invocations=12 (full 0):
 garbage-first heap   total 75776K, used 25314K [0x0000000083000000, 0x0000000100000000)
  region size 1024K, 7 young (7168K), 6 survivors (6144K)
 Metaspace       used 47542K, committed 47936K, reserved 1114112K
  class space    used 6255K, committed 6464K, reserved 1048576K
}
Event: 5.361 GC heap after
{Heap after GC invocations=13 (full 0):
 garbage-first heap   total 75776K, used 24593K [0x0000000083000000, 0x0000000100000000)
  region size 1024K, 1 young (1024K), 1 survivors (1024K)
 Metaspace       used 47542K, committed 47936K, reserved 1114112K
  class space    used 6255K, committed 6464K, reserved 1048576K
}
Event: 6.277 GC heap before
{Heap before GC invocations=13 (full 0):
 garbage-first heap   total 75776K, used 56337K [0x0000000083000000, 0x0000000100000000)
  region size 1024K, 33 young (33792K), 1 survivors (1024K)
 Metaspace       used 53498K, committed 53952K, reserved 1114112K
  class space    used 7024K, committed 7232K, reserved 1048576K
}
Event: 6.286 GC heap after
{Heap after GC invocations=14 (full 0):
 garbage-first heap   total 75776K, used 26285K [0x0000000083000000, 0x0000000100000000)
  region size 1024K, 3 young (3072K), 3 survivors (3072K)
 Metaspace       used 53498K, committed 53952K, reserved 1114112K
  class space    used 7024K, committed 7232K, reserved 1048576K
}
Event: 7.228 GC heap before
{Heap before GC invocations=14 (full 0):
 garbage-first heap   total 75776K, used 58029K [0x0000000083000000, 0x0000000100000000)
  region size 1024K, 34 young (34816K), 3 survivors (3072K)
 Metaspace       used 56213K, committed 56704K, reserved 1114112K
  class space    used 7334K, committed 7552K, reserved 1048576K
}
Event: 7.242 GC heap after
{Heap after GC invocations=15 (full 0):
 garbage-first heap   total 75776K, used 29256K [0x0000000083000000, 0x0000000100000000)
  region size 1024K, 5 young (5120K), 5 survivors (5120K)
 Metaspace       used 56213K, committed 56704K, reserved 1114112K
  class space    used 7334K, committed 7552K, reserved 1048576K
}

