# JRE version: Java(TM) SE Runtime Environment (19.0.1+10) (build 19.0.1+10-21)
# Java VM: Java HotSpot(TM) 64-Bit Server VM (19.0.1+10-21, mixed mode, sharing, tiered, compressed oops, compressed class ptrs, g1 gc, windows-amd64)
GC Precious Log:
 CardTable entry size: 512
 Card Set container configuration: InlinePtr #cards 5 size 8 Array Of Cards #cards 12 size 40 Howl #buckets 4 coarsen threshold 1843 Howl Bitmap #cards 512 size 80 coarsen threshold 460 Card regions per heap region 1 cards per card region 2048
 CPUs: 8 total, 8 available
 Memory: 7995M
 Large Page Support: Disabled
 NUMA Support: Disabled
 Compressed Oops: Enabled (32-bit)
 Heap Region Size: 1M
 Heap Min Capacity: 8M
 Heap Initial Capacity: 126M
 Heap Max Capacity: 2000M
 Pre-touch: Disabled
 Parallel Workers: 8
 Concurrent Workers: 2
 Concurrent Refinement Workers: 8
 Periodic GC: Disabled
Heap:
 garbage-first heap   total 48128K, used 23571K [0x0000000083000000, 0x0000000100000000)
  region size 1024K, 6 young (6144K), 1 survivors (1024K)
 Metaspace       used 42513K, committed 42880K, reserved 1114112K
  class space    used 5491K, committed 5696K, reserved 1048576K
GC Heap History (20 events):
Event: 0.608 GC heap before
{Heap before GC invocations=0 (full 0):
 garbage-first heap   total 129024K, used 23552K [0x0000000083000000, 0x0000000100000000)
  region size 1024K, 23 young (23552K), 0 survivors (0K)
 Metaspace       used 5884K, committed 6016K, reserved 1114112K
  class space    used 628K, committed 704K, reserved 1048576K
}
Event: 0.612 GC heap after
{Heap after GC invocations=1 (full 0):
 garbage-first heap   total 129024K, used 6675K [0x0000000083000000, 0x0000000100000000)
  region size 1024K, 3 young (3072K), 3 survivors (3072K)
 Metaspace       used 5884K, committed 6016K, reserved 1114112K
  class space    used 628K, committed 704K, reserved 1048576K
}
Event: 0.990 GC heap before
{Heap before GC invocations=1 (full 0):
 garbage-first heap   total 129024K, used 36371K [0x0000000083000000, 0x0000000100000000)
  region size 1024K, 33 young (33792K), 3 survivors (3072K)
 Metaspace       used 14221K, committed 14464K, reserved 1114112K
  class space    used 1682K, committed 1792K, reserved 1048576K
}
Event: 0.994 GC heap after
{Heap after GC invocations=2 (full 0):
 garbage-first heap   total 129024K, used 8709K [0x0000000083000000, 0x0000000100000000)
  region size 1024K, 2 young (2048K), 2 survivors (2048K)
 Metaspace       used 14221K, committed 14464K, reserved 1114112K
  class space    used 1682K, committed 1792K, reserved 1048576K
}
Event: 2.093 GC heap before
{Heap before GC invocations=2 (full 0):
 garbage-first heap   total 129024K, used 53765K [0x0000000083000000, 0x0000000100000000)
  region size 1024K, 47 young (48128K), 2 survivors (2048K)
 Metaspace       used 21232K, committed 21504K, reserved 1114112K
  class space    used 2521K, committed 2688K, reserved 1048576K
}
Event: 2.098 GC heap after
{Heap after GC invocations=3 (full 0):
 garbage-first heap   total 129024K, used 12315K [0x0000000083000000, 0x0000000100000000)
  region size 1024K, 6 young (6144K), 6 survivors (6144K)
 Metaspace       used 21232K, committed 21504K, reserved 1114112K
  class space    used 2521K, committed 2688K, reserved 1048576K
}
Event: 2.840 GC heap before
{Heap before GC invocations=4 (full 0):
 garbage-first heap   total 48128K, used 34843K [0x0000000083000000, 0x0000000100000000)
  region size 1024K, 28 young (28672K), 6 survivors (6144K)
 Metaspace       used 26176K, committed 26560K, reserved 1114112K
  class space    used 3181K, committed 3392K, reserved 1048576K
}
Event: 2.847 GC heap after
{Heap after GC invocations=5 (full 0):
 garbage-first heap   total 48128K, used 15374K [0x0000000083000000, 0x0000000100000000)
  region size 1024K, 4 young (4096K), 4 survivors (4096K)
 Metaspace       used 26176K, committed 26560K, reserved 1114112K
  class space    used 3181K, committed 3392K, reserved 1048576K
}
Event: 2.870 GC heap before
{Heap before GC invocations=5 (full 0):
 garbage-first heap   total 48128K, used 16398K [0x0000000083000000, 0x0000000100000000)
  region size 1024K, 5 young (5120K), 4 survivors (4096K)
 Metaspace       used 26416K, committed 26752K, reserved 1114112K
  class space    used 3207K, committed 3392K, reserved 1048576K
}
Event: 2.873 GC heap after
{Heap after GC invocations=6 (full 0):
 garbage-first heap   total 48128K, used 15712K [0x0000000083000000, 0x0000000100000000)
  region size 1024K, 1 young (1024K), 1 survivors (1024K)
 Metaspace       used 26416K, committed 26752K, reserved 1114112K
  class space    used 3207K, committed 3392K, reserved 1048576K
}
Event: 3.290 GC heap before
{Heap before GC invocations=6 (full 0):
 garbage-first heap   total 48128K, used 33120K [0x0000000083000000, 0x0000000100000000)
  region size 1024K, 19 young (19456K), 1 survivors (1024K)
 Metaspace       used 30450K, committed 30848K, reserved 1114112K
  class space    used 3636K, committed 3840K, reserved 1048576K
}
Event: 3.292 GC heap after
{Heap after GC invocations=7 (full 0):
 garbage-first heap   total 48128K, used 16766K [0x0000000083000000, 0x0000000100000000)
  region size 1024K, 2 young (2048K), 2 survivors (2048K)
 Metaspace       used 30450K, committed 30848K, reserved 1114112K
  class space    used 3636K, committed 3840K, reserved 1048576K
}
Event: 3.819 GC heap before
{Heap before GC invocations=7 (full 0):
 garbage-first heap   total 48128K, used 34174K [0x0000000083000000, 0x0000000100000000)
  region size 1024K, 20 young (20480K), 2 survivors (2048K)
 Metaspace       used 35196K, committed 35648K, reserved 1114112K
  class space    used 4325K, committed 4544K, reserved 1048576K
}
Event: 3.822 GC heap after
{Heap after GC invocations=8 (full 0):
 garbage-first heap   total 48128K, used 18358K [0x0000000083000000, 0x0000000100000000)
  region size 1024K, 2 young (2048K), 2 survivors (2048K)
 Metaspace       used 35196K, committed 35648K, reserved 1114112K
  class space    used 4325K, committed 4544K, reserved 1048576K
}
Event: 3.858 GC heap before
{Heap before GC invocations=8 (full 0):
 garbage-first heap   total 48128K, used 19382K [0x0000000083000000, 0x0000000100000000)
  region size 1024K, 4 young (4096K), 2 survivors (2048K)
 Metaspace       used 35554K, committed 35968K, reserved 1114112K
  class space    used 4395K, committed 4608K, reserved 1048576K
}
Event: 3.860 GC heap after
{Heap after GC invocations=9 (full 0):
 garbage-first heap   total 48128K, used 18630K [0x0000000083000000, 0x0000000100000000)
  region size 1024K, 1 young (1024K), 1 survivors (1024K)
 Metaspace       used 35554K, committed 35968K, reserved 1114112K
  class space    used 4395K, committed 4608K, reserved 1048576K
}
Event: 4.436 GC heap before
{Heap before GC invocations=10 (full 0):
 garbage-first heap   total 48128K, used 35014K [0x0000000083000000, 0x0000000100000000)
  region size 1024K, 18 young (18432K), 1 survivors (1024K)
 Metaspace       used 41218K, committed 41600K, reserved 1114112K
  class space    used 5217K, committed 5376K, reserved 1048576K
}
Event: 4.437 GC heap after
{Heap after GC invocations=11 (full 0):
 garbage-first heap   total 48128K, used 19450K [0x0000000083000000, 0x0000000100000000)
  region size 1024K, 2 young (2048K), 2 survivors (2048K)
 Metaspace       used 41218K, committed 41600K, reserved 1114112K
  class space    used 5217K, committed 5376K, reserved 1048576K
}
Event: 4.454 GC heap before
{Heap before GC invocations=11 (full 0):
 garbage-first heap   total 48128K, used 19450K [0x0000000083000000, 0x0000000100000000)
  region size 1024K, 3 young (3072K), 2 survivors (2048K)
 Metaspace       used 41424K, committed 41792K, reserved 1114112K
  class space    used 5264K, committed 5440K, reserved 1048576K
}
Event: 4.456 GC heap after
{Heap after GC invocations=12 (full 0):
 garbage-first heap   total 48128K, used 19475K [0x0000000083000000, 0x0000000100000000)
  region size 1024K, 1 young (1024K), 1 survivors (1024K)
 Metaspace       used 41424K, committed 41792K, reserved 1114112K
  class space    used 5264K, committed 5440K, reserved 1048576K
}

