# JRE version: Java(TM) SE Runtime Environment (19.0.1+10) (build 19.0.1+10-21)
# Java VM: Java HotSpot(TM) 64-Bit Server VM (19.0.1+10-21, mixed mode, sharing, tiered, compressed oops, compressed class ptrs, g1 gc, windows-amd64)
GC Precious Log:
 CardTable entry size: 512
 Card Set container configuration: InlinePtr #cards 5 size 8 Array Of Cards #cards 12 size 40 Howl #buckets 4 coarsen threshold 1843 Howl Bitmap #cards 512 size 80 coarsen threshold 460 Card regions per heap region 1 cards per card region 2048
 CPUs: 8 total, 8 available
 Memory: 7995M
 Large Page Support: Disabled
 NUMA Support: Disabled
 Compressed Oops: Enabled (32-bit)
 Heap Region Size: 1M
 Heap Min Capacity: 8M
 Heap Initial Capacity: 126M
 Heap Max Capacity: 2000M
 Pre-touch: Disabled
 Parallel Workers: 8
 Concurrent Workers: 2
 Concurrent Refinement Workers: 8
 Periodic GC: Disabled
Heap:
 garbage-first heap   total 86016K, used 37564K [0x0000000083000000, 0x0000000100000000)
  region size 1024K, 20 young (20480K), 5 survivors (5120K)
 Metaspace       used 50123K, committed 50560K, reserved 1114112K
  class space    used 6516K, committed 6720K, reserved 1048576K
GC Heap History (20 events):
Event: 1.061 GC heap before
{Heap before GC invocations=1 (full 0):
 garbage-first heap   total 129024K, used 36617K [0x0000000083000000, 0x0000000100000000)
  region size 1024K, 33 young (33792K), 3 survivors (3072K)
 Metaspace       used 14194K, committed 14464K, reserved 1114112K
  class space    used 1657K, committed 1792K, reserved 1048576K
}
Event: 1.065 GC heap after
{Heap after GC invocations=2 (full 0):
 garbage-first heap   total 129024K, used 9162K [0x0000000083000000, 0x0000000100000000)
  region size 1024K, 3 young (3072K), 3 survivors (3072K)
 Metaspace       used 14194K, committed 14464K, reserved 1114112K
  class space    used 1657K, committed 1792K, reserved 1048576K
}
Event: 1.794 GC heap before
{Heap before GC invocations=2 (full 0):
 garbage-first heap   total 129024K, used 54218K [0x0000000083000000, 0x0000000100000000)
  region size 1024K, 48 young (49152K), 3 survivors (3072K)
 Metaspace       used 21224K, committed 21504K, reserved 1114112K
  class space    used 2522K, committed 2688K, reserved 1048576K
}
Event: 1.798 GC heap after
{Heap after GC invocations=3 (full 0):
 garbage-first heap   total 129024K, used 12185K [0x0000000083000000, 0x0000000100000000)
  region size 1024K, 6 young (6144K), 6 survivors (6144K)
 Metaspace       used 21224K, committed 21504K, reserved 1114112K
  class space    used 2522K, committed 2688K, reserved 1048576K
}
Event: 2.228 GC heap before
{Heap before GC invocations=4 (full 0):
 garbage-first heap   total 48128K, used 34713K [0x0000000083000000, 0x0000000100000000)
  region size 1024K, 28 young (28672K), 6 survivors (6144K)
 Metaspace       used 26061K, committed 26432K, reserved 1114112K
  class space    used 3173K, committed 3328K, reserved 1048576K
}
Event: 2.234 GC heap after
{Heap after GC invocations=5 (full 0):
 garbage-first heap   total 48128K, used 15291K [0x0000000083000000, 0x0000000100000000)
  region size 1024K, 4 young (4096K), 4 survivors (4096K)
 Metaspace       used 26061K, committed 26432K, reserved 1114112K
  class space    used 3173K, committed 3328K, reserved 1048576K
}
Event: 2.246 GC heap before
{Heap before GC invocations=5 (full 0):
 garbage-first heap   total 48128K, used 16315K [0x0000000083000000, 0x0000000100000000)
  region size 1024K, 5 young (5120K), 4 survivors (4096K)
 Metaspace       used 26202K, committed 26560K, reserved 1114112K
  class space    used 3192K, committed 3328K, reserved 1048576K
}
Event: 2.250 GC heap after
{Heap after GC invocations=6 (full 0):
 garbage-first heap   total 48128K, used 15486K [0x0000000083000000, 0x0000000100000000)
  region size 1024K, 1 young (1024K), 1 survivors (1024K)
 Metaspace       used 26202K, committed 26560K, reserved 1114112K
  class space    used 3192K, committed 3328K, reserved 1048576K
}
Event: 2.526 GC heap before
{Heap before GC invocations=6 (full 0):
 garbage-first heap   total 48128K, used 32894K [0x0000000083000000, 0x0000000100000000)
  region size 1024K, 19 young (19456K), 1 survivors (1024K)
 Metaspace       used 30276K, committed 30656K, reserved 1114112K
  class space    used 3622K, committed 3840K, reserved 1048576K
}
Event: 2.528 GC heap after
{Heap after GC invocations=7 (full 0):
 garbage-first heap   total 48128K, used 16514K [0x0000000083000000, 0x0000000100000000)
  region size 1024K, 2 young (2048K), 2 survivors (2048K)
 Metaspace       used 30276K, committed 30656K, reserved 1114112K
  class space    used 3622K, committed 3840K, reserved 1048576K
}
Event: 2.876 GC heap before
{Heap before GC invocations=7 (full 0):
 garbage-first heap   total 48128K, used 34946K [0x0000000083000000, 0x0000000100000000)
  region size 1024K, 20 young (20480K), 2 survivors (2048K)
 Metaspace       used 35050K, committed 35392K, reserved 1114112K
  class space    used 4305K, committed 4480K, reserved 1048576K
}
Event: 2.878 GC heap after
{Heap after GC invocations=8 (full 0):
 garbage-first heap   total 48128K, used 18175K [0x0000000083000000, 0x0000000100000000)
  region size 1024K, 2 young (2048K), 2 survivors (2048K)
 Metaspace       used 35050K, committed 35392K, reserved 1114112K
  class space    used 4305K, committed 4480K, reserved 1048576K
}
Event: 2.920 GC heap before
{Heap before GC invocations=8 (full 0):
 garbage-first heap   total 48128K, used 19199K [0x0000000083000000, 0x0000000100000000)
  region size 1024K, 4 young (4096K), 2 survivors (2048K)
 Metaspace       used 35671K, committed 35968K, reserved 1114112K
  class space    used 4443K, committed 4608K, reserved 1048576K
}
Event: 2.921 GC heap after
{Heap after GC invocations=9 (full 0):
 garbage-first heap   total 48128K, used 18362K [0x0000000083000000, 0x0000000100000000)
  region size 1024K, 1 young (1024K), 1 survivors (1024K)
 Metaspace       used 35671K, committed 35968K, reserved 1114112K
  class space    used 4443K, committed 4608K, reserved 1048576K
}
Event: 3.246 GC heap before
{Heap before GC invocations=10 (full 0):
 garbage-first heap   total 48128K, used 34746K [0x0000000083000000, 0x0000000100000000)
  region size 1024K, 18 young (18432K), 1 survivors (1024K)
 Metaspace       used 41225K, committed 41664K, reserved 1114112K
  class space    used 5227K, committed 5440K, reserved 1048576K
}
Event: 3.248 GC heap after
{Heap after GC invocations=11 (full 0):
 garbage-first heap   total 86016K, used 19170K [0x0000000083000000, 0x0000000100000000)
  region size 1024K, 2 young (2048K), 2 survivors (2048K)
 Metaspace       used 41225K, committed 41664K, reserved 1114112K
  class space    used 5227K, committed 5440K, reserved 1048576K
}
Event: 3.282 GC heap before
{Heap before GC invocations=11 (full 0):
 garbage-first heap   total 86016K, used 21218K [0x0000000083000000, 0x0000000100000000)
  region size 1024K, 4 young (4096K), 2 survivors (2048K)
 Metaspace       used 41715K, committed 42112K, reserved 1114112K
  class space    used 5341K, committed 5504K, reserved 1048576K
}
Event: 3.284 GC heap after
{Heap after GC invocations=12 (full 0):
 garbage-first heap   total 86016K, used 19193K [0x0000000083000000, 0x0000000100000000)
  region size 1024K, 1 young (1024K), 1 survivors (1024K)
 Metaspace       used 41715K, committed 42112K, reserved 1114112K
  class space    used 5341K, committed 5504K, reserved 1048576K
}
Event: 4.086 GC heap before
{Heap before GC invocations=12 (full 0):
 garbage-first heap   total 86016K, used 64249K [0x0000000083000000, 0x0000000100000000)
  region size 1024K, 46 young (47104K), 1 survivors (1024K)
 Metaspace       used 49447K, committed 49856K, reserved 1114112K
  class space    used 6447K, committed 6656K, reserved 1048576K
}
Event: 4.090 GC heap after
{Heap after GC invocations=13 (full 0):
 garbage-first heap   total 86016K, used 23228K [0x0000000083000000, 0x0000000100000000)
  region size 1024K, 5 young (5120K), 5 survivors (5120K)
 Metaspace       used 49447K, committed 49856K, reserved 1114112K
  class space    used 6447K, committed 6656K, reserved 1048576K
}

