# JRE version: Java(TM) SE Runtime Environment (19.0.1+10) (build 19.0.1+10-21)
# Java VM: Java HotSpot(TM) 64-Bit Server VM (19.0.1+10-21, mixed mode, sharing, tiered, compressed oops, compressed class ptrs, g1 gc, windows-amd64)
GC Precious Log:
 CardTable entry size: 512
 Card Set container configuration: InlinePtr #cards 5 size 8 Array Of Cards #cards 12 size 40 Howl #buckets 4 coarsen threshold 1843 Howl Bitmap #cards 512 size 80 coarsen threshold 460 Card regions per heap region 1 cards per card region 2048
 CPUs: 8 total, 8 available
 Memory: 7995M
 Large Page Support: Disabled
 NUMA Support: Disabled
 Compressed Oops: Enabled (32-bit)
 Heap Region Size: 1M
 Heap Min Capacity: 8M
 Heap Initial Capacity: 126M
 Heap Max Capacity: 2000M
 Pre-touch: Disabled
 Parallel Workers: 8
 Concurrent Workers: 2
 Concurrent Refinement Workers: 8
 Periodic GC: Disabled
Heap:
 garbage-first heap   total 87040K, used 20746K [0x0000000083000000, 0x0000000100000000)
  region size 1024K, 2 young (2048K), 2 survivors (2048K)
 Metaspace       used 35825K, committed 36160K, reserved 1114112K
  class space    used 4650K, committed 4800K, reserved 1048576K
GC Heap History (15 events):
Event: 0.540 GC heap before
{Heap before GC invocations=0 (full 0):
 garbage-first heap   total 129024K, used 23552K [0x0000000083000000, 0x0000000100000000)
  region size 1024K, 23 young (23552K), 0 survivors (0K)
 Metaspace       used 5625K, committed 5824K, reserved 1114112K
  class space    used 665K, committed 768K, reserved 1048576K
}
Event: 0.545 GC heap after
{Heap after GC invocations=1 (full 0):
 garbage-first heap   total 129024K, used 7424K [0x0000000083000000, 0x0000000100000000)
  region size 1024K, 3 young (3072K), 3 survivors (3072K)
 Metaspace       used 5625K, committed 5824K, reserved 1114112K
  class space    used 665K, committed 768K, reserved 1048576K
}
Event: 1.083 GC heap before
{Heap before GC invocations=1 (full 0):
 garbage-first heap   total 129024K, used 36096K [0x0000000083000000, 0x0000000100000000)
  region size 1024K, 31 young (31744K), 3 survivors (3072K)
 Metaspace       used 12478K, committed 12736K, reserved 1114112K
  class space    used 1532K, committed 1664K, reserved 1048576K
}
Event: 1.090 GC heap after
{Heap after GC invocations=2 (full 0):
 garbage-first heap   total 129024K, used 10940K [0x0000000083000000, 0x0000000100000000)
  region size 1024K, 4 young (4096K), 4 survivors (4096K)
 Metaspace       used 12478K, committed 12736K, reserved 1114112K
  class space    used 1532K, committed 1664K, reserved 1048576K
}
Event: 1.448 GC heap before
{Heap before GC invocations=2 (full 0):
 garbage-first heap   total 129024K, used 48828K [0x0000000083000000, 0x0000000100000000)
  region size 1024K, 43 young (44032K), 4 survivors (4096K)
 Metaspace       used 21311K, committed 21504K, reserved 1114112K
  class space    used 2677K, committed 2752K, reserved 1048576K
}
Event: 1.455 GC heap after
{Heap after GC invocations=3 (full 0):
 garbage-first heap   total 129024K, used 13923K [0x0000000083000000, 0x0000000100000000)
  region size 1024K, 7 young (7168K), 7 survivors (7168K)
 Metaspace       used 21311K, committed 21504K, reserved 1114112K
  class space    used 2677K, committed 2752K, reserved 1048576K
}
Event: 1.764 GC heap before
{Heap before GC invocations=4 (full 0):
 garbage-first heap   total 55296K, used 48739K [0x0000000083000000, 0x0000000100000000)
  region size 1024K, 41 young (41984K), 7 survivors (7168K)
 Metaspace       used 24363K, committed 24576K, reserved 1114112K
  class space    used 3065K, committed 3136K, reserved 1048576K
}
Event: 1.771 GC heap after
{Heap after GC invocations=5 (full 0):
 garbage-first heap   total 58368K, used 15344K [0x0000000083000000, 0x0000000100000000)
  region size 1024K, 5 young (5120K), 5 survivors (5120K)
 Metaspace       used 24363K, committed 24576K, reserved 1114112K
  class space    used 3065K, committed 3136K, reserved 1048576K
}
Event: 1.777 GC heap before
{Heap before GC invocations=5 (full 0):
 garbage-first heap   total 58368K, used 16368K [0x0000000083000000, 0x0000000100000000)
  region size 1024K, 6 young (6144K), 5 survivors (5120K)
 Metaspace       used 24376K, committed 24576K, reserved 1114112K
  class space    used 3065K, committed 3136K, reserved 1048576K
}
Event: 1.782 GC heap after
{Heap after GC invocations=6 (full 0):
 garbage-first heap   total 58368K, used 16019K [0x0000000083000000, 0x0000000100000000)
  region size 1024K, 1 young (1024K), 1 survivors (1024K)
 Metaspace       used 24376K, committed 24576K, reserved 1114112K
  class space    used 3065K, committed 3136K, reserved 1048576K
}
Event: 2.094 GC heap before
{Heap before GC invocations=6 (full 0):
 garbage-first heap   total 58368K, used 40595K [0x0000000083000000, 0x0000000100000000)
  region size 1024K, 25 young (25600K), 1 survivors (1024K)
 Metaspace       used 27178K, committed 27392K, reserved 1114112K
  class space    used 3433K, committed 3520K, reserved 1048576K
}
Event: 2.097 GC heap after
{Heap after GC invocations=7 (full 0):
 garbage-first heap   total 58368K, used 16717K [0x0000000083000000, 0x0000000100000000)
  region size 1024K, 2 young (2048K), 2 survivors (2048K)
 Metaspace       used 27178K, committed 27392K, reserved 1114112K
  class space    used 3433K, committed 3520K, reserved 1048576K
}
Event: 2.499 GC heap before
{Heap before GC invocations=7 (full 0):
 garbage-first heap   total 58368K, used 42317K [0x0000000083000000, 0x0000000100000000)
  region size 1024K, 27 young (27648K), 2 survivors (2048K)
 Metaspace       used 30702K, committed 31040K, reserved 1114112K
  class space    used 3864K, committed 4032K, reserved 1048576K
}
Event: 2.505 GC heap after
{Heap after GC invocations=8 (full 0):
 garbage-first heap   total 58368K, used 19189K [0x0000000083000000, 0x0000000100000000)
  region size 1024K, 4 young (4096K), 4 survivors (4096K)
 Metaspace       used 30702K, committed 31040K, reserved 1114112K
  class space    used 3864K, committed 4032K, reserved 1048576K
}
Event: 2.882 GC heap before
{Heap before GC invocations=8 (full 0):
 garbage-first heap   total 58368K, used 37621K [0x0000000083000000, 0x0000000100000000)
  region size 1024K, 23 young (23552K), 4 survivors (4096K)
 Metaspace       used 35825K, committed 36160K, reserved 1114112K
  class space    used 4650K, committed 4800K, reserved 1048576K
}

