# JRE version: Java(TM) SE Runtime Environment (19.0.1+10) (build 19.0.1+10-21)
# Java VM: Java HotSpot(TM) 64-Bit Server VM (19.0.1+10-21, mixed mode, sharing, tiered, compressed oops, compressed class ptrs, g1 gc, windows-amd64)
GC Precious Log:
 CardTable entry size: 512
 Card Set container configuration: InlinePtr #cards 5 size 8 Array Of Cards #cards 12 size 40 Howl #buckets 4 coarsen threshold 1843 Howl Bitmap #cards 512 size 80 coarsen threshold 460 Card regions per heap region 1 cards per card region 2048
 CPUs: 8 total, 8 available
 Memory: 7995M
 Large Page Support: Disabled
 NUMA Support: Disabled
 Compressed Oops: Enabled (32-bit)
 Heap Region Size: 1M
 Heap Min Capacity: 8M
 Heap Initial Capacity: 126M
 Heap Max Capacity: 2000M
 Pre-touch: Disabled
 Parallel Workers: 8
 Concurrent Workers: 2
 Concurrent Refinement Workers: 8
 Periodic GC: Disabled
Heap:
 garbage-first heap   total 51200K, used 27787K [0x0000000083000000, 0x0000000100000000)
  region size 1024K, 8 young (8192K), 2 survivors (2048K)
 Metaspace       used 52193K, committed 52672K, reserved 1114112K
  class space    used 6754K, committed 6976K, reserved 1048576K
GC Heap History (20 events):
Event: 2.513 GC heap before
{Heap before GC invocations=2 (full 0):
 garbage-first heap   total 129024K, used 54359K [0x0000000083000000, 0x0000000100000000)
  region size 1024K, 48 young (49152K), 3 survivors (3072K)
 Metaspace       used 21237K, committed 21504K, reserved 1114112K
  class space    used 2520K, committed 2688K, reserved 1048576K
}
Event: 2.518 GC heap after
{Heap after GC invocations=3 (full 0):
 garbage-first heap   total 129024K, used 12410K [0x0000000083000000, 0x0000000100000000)
  region size 1024K, 6 young (6144K), 6 survivors (6144K)
 Metaspace       used 21237K, committed 21504K, reserved 1114112K
  class space    used 2520K, committed 2688K, reserved 1048576K
}
Event: 3.248 GC heap before
{Heap before GC invocations=4 (full 0):
 garbage-first heap   total 51200K, used 36986K [0x0000000083000000, 0x0000000100000000)
  region size 1024K, 30 young (30720K), 6 survivors (6144K)
 Metaspace       used 26647K, committed 27008K, reserved 1114112K
  class space    used 3230K, committed 3392K, reserved 1048576K
}
Event: 3.256 GC heap after
{Heap after GC invocations=5 (full 0):
 garbage-first heap   total 51200K, used 15569K [0x0000000083000000, 0x0000000100000000)
  region size 1024K, 4 young (4096K), 4 survivors (4096K)
 Metaspace       used 26647K, committed 27008K, reserved 1114112K
  class space    used 3230K, committed 3392K, reserved 1048576K
}
Event: 3.266 GC heap before
{Heap before GC invocations=5 (full 0):
 garbage-first heap   total 51200K, used 16593K [0x0000000083000000, 0x0000000100000000)
  region size 1024K, 5 young (5120K), 4 survivors (4096K)
 Metaspace       used 26725K, committed 27072K, reserved 1114112K
  class space    used 3237K, committed 3392K, reserved 1048576K
}
Event: 3.270 GC heap after
{Heap after GC invocations=6 (full 0):
 garbage-first heap   total 51200K, used 15857K [0x0000000083000000, 0x0000000100000000)
  region size 1024K, 1 young (1024K), 1 survivors (1024K)
 Metaspace       used 26725K, committed 27072K, reserved 1114112K
  class space    used 3237K, committed 3392K, reserved 1048576K
}
Event: 3.711 GC heap before
{Heap before GC invocations=6 (full 0):
 garbage-first heap   total 51200K, used 34289K [0x0000000083000000, 0x0000000100000000)
  region size 1024K, 20 young (20480K), 1 survivors (1024K)
 Metaspace       used 30754K, committed 31168K, reserved 1114112K
  class space    used 3685K, committed 3904K, reserved 1048576K
}
Event: 3.714 GC heap after
{Heap after GC invocations=7 (full 0):
 garbage-first heap   total 51200K, used 16894K [0x0000000083000000, 0x0000000100000000)
  region size 1024K, 2 young (2048K), 2 survivors (2048K)
 Metaspace       used 30754K, committed 31168K, reserved 1114112K
  class space    used 3685K, committed 3904K, reserved 1048576K
}
Event: 4.178 GC heap before
{Heap before GC invocations=7 (full 0):
 garbage-first heap   total 51200K, used 32254K [0x0000000083000000, 0x0000000100000000)
  region size 1024K, 19 young (19456K), 2 survivors (2048K)
 Metaspace       used 35659K, committed 35968K, reserved 1114112K
  class space    used 4430K, committed 4608K, reserved 1048576K
}
Event: 4.181 GC heap after
{Heap after GC invocations=8 (full 0):
 garbage-first heap   total 51200K, used 18354K [0x0000000083000000, 0x0000000100000000)
  region size 1024K, 2 young (2048K), 2 survivors (2048K)
 Metaspace       used 35659K, committed 35968K, reserved 1114112K
  class space    used 4430K, committed 4608K, reserved 1048576K
}
Event: 4.670 GC heap before
{Heap before GC invocations=9 (full 0):
 garbage-first heap   total 51200K, used 36786K [0x0000000083000000, 0x0000000100000000)
  region size 1024K, 20 young (20480K), 2 survivors (2048K)
 Metaspace       used 41494K, committed 41856K, reserved 1114112K
  class space    used 5281K, committed 5440K, reserved 1048576K
}
Event: 4.674 GC heap after
{Heap after GC invocations=10 (full 0):
 garbage-first heap   total 51200K, used 19434K [0x0000000083000000, 0x0000000100000000)
  region size 1024K, 3 young (3072K), 3 survivors (3072K)
 Metaspace       used 41494K, committed 41856K, reserved 1114112K
  class space    used 5281K, committed 5440K, reserved 1048576K
}
Event: 4.699 GC heap before
{Heap before GC invocations=10 (full 0):
 garbage-first heap   total 51200K, used 20458K [0x0000000083000000, 0x0000000100000000)
  region size 1024K, 4 young (4096K), 3 survivors (3072K)
 Metaspace       used 41743K, committed 42112K, reserved 1114112K
  class space    used 5339K, committed 5504K, reserved 1048576K
}
Event: 4.702 GC heap after
{Heap after GC invocations=11 (full 0):
 garbage-first heap   total 51200K, used 19367K [0x0000000083000000, 0x0000000100000000)
  region size 1024K, 1 young (1024K), 1 survivors (1024K)
 Metaspace       used 41743K, committed 42112K, reserved 1114112K
  class space    used 5339K, committed 5504K, reserved 1048576K
}
Event: 5.216 GC heap before
{Heap before GC invocations=11 (full 0):
 garbage-first heap   total 51200K, used 36775K [0x0000000083000000, 0x0000000100000000)
  region size 1024K, 19 young (19456K), 1 survivors (1024K)
 Metaspace       used 45477K, committed 45888K, reserved 1114112K
  class space    used 5933K, committed 6144K, reserved 1048576K
}
Event: 5.219 GC heap after
{Heap after GC invocations=12 (full 0):
 garbage-first heap   total 51200K, used 20678K [0x0000000083000000, 0x0000000100000000)
  region size 1024K, 2 young (2048K), 2 survivors (2048K)
 Metaspace       used 45477K, committed 45888K, reserved 1114112K
  class space    used 5933K, committed 6144K, reserved 1048576K
}
Event: 5.704 GC heap before
{Heap before GC invocations=12 (full 0):
 garbage-first heap   total 51200K, used 39110K [0x0000000083000000, 0x0000000100000000)
  region size 1024K, 20 young (20480K), 2 survivors (2048K)
 Metaspace       used 48812K, committed 49280K, reserved 1114112K
  class space    used 6330K, committed 6528K, reserved 1048576K
}
Event: 5.709 GC heap after
{Heap after GC invocations=13 (full 0):
 garbage-first heap   total 51200K, used 22740K [0x0000000083000000, 0x0000000100000000)
  region size 1024K, 3 young (3072K), 3 survivors (3072K)
 Metaspace       used 48812K, committed 49280K, reserved 1114112K
  class space    used 6330K, committed 6528K, reserved 1048576K
}
Event: 250.267 GC heap before
{Heap before GC invocations=13 (full 0):
 garbage-first heap   total 51200K, used 38100K [0x0000000083000000, 0x0000000100000000)
  region size 1024K, 19 young (19456K), 3 survivors (3072K)
 Metaspace       used 50267K, committed 50688K, reserved 1114112K
  class space    used 6535K, committed 6720K, reserved 1048576K
}
Event: 250.271 GC heap after
{Heap after GC invocations=14 (full 0):
 garbage-first heap   total 51200K, used 23691K [0x0000000083000000, 0x0000000100000000)
  region size 1024K, 2 young (2048K), 2 survivors (2048K)
 Metaspace       used 50267K, committed 50688K, reserved 1114112K
  class space    used 6535K, committed 6720K, reserved 1048576K
}

