# JRE version: Java(TM) SE Runtime Environment (19.0.1+10) (build 19.0.1+10-21)
# Java VM: Java HotSpot(TM) 64-Bit Server VM (19.0.1+10-21, mixed mode, sharing, tiered, compressed oops, compressed class ptrs, g1 gc, windows-amd64)
GC Precious Log:
 CardTable entry size: 512
 Card Set container configuration: InlinePtr #cards 5 size 8 Array Of Cards #cards 12 size 40 Howl #buckets 4 coarsen threshold 1843 Howl Bitmap #cards 512 size 80 coarsen threshold 460 Card regions per heap region 1 cards per card region 2048
 CPUs: 8 total, 8 available
 Memory: 7995M
 Large Page Support: Disabled
 NUMA Support: Disabled
 Compressed Oops: Enabled (32-bit)
 Heap Region Size: 1M
 Heap Min Capacity: 8M
 Heap Initial Capacity: 126M
 Heap Max Capacity: 2000M
 Pre-touch: Disabled
 Parallel Workers: 8
 Concurrent Workers: 2
 Concurrent Refinement Workers: 8
 Periodic GC: Disabled
Heap:
 garbage-first heap   total 102400K, used 46764K [0x0000000083000000, 0x0000000100000000)
  region size 1024K, 32 young (32768K), 3 survivors (3072K)
 Metaspace       used 34106K, committed 34496K, reserved 1114112K
  class space    used 4358K, committed 4544K, reserved 1048576K
GC Heap History (14 events):
Event: 0.808 GC heap before
{Heap before GC invocations=0 (full 0):
 garbage-first heap   total 129024K, used 23552K [0x0000000083000000, 0x0000000100000000)
  region size 1024K, 23 young (23552K), 0 survivors (0K)
 Metaspace       used 5093K, committed 5184K, reserved 1114112K
  class space    used 601K, committed 640K, reserved 1048576K
}
Event: 0.814 GC heap after
{Heap after GC invocations=1 (full 0):
 garbage-first heap   total 129024K, used 7467K [0x0000000083000000, 0x0000000100000000)
  region size 1024K, 3 young (3072K), 3 survivors (3072K)
 Metaspace       used 5093K, committed 5184K, reserved 1114112K
  class space    used 601K, committed 640K, reserved 1048576K
}
Event: 1.845 GC heap before
{Heap before GC invocations=1 (full 0):
 garbage-first heap   total 129024K, used 37163K [0x0000000083000000, 0x0000000100000000)
  region size 1024K, 32 young (32768K), 3 survivors (3072K)
 Metaspace       used 12772K, committed 12992K, reserved 1114112K
  class space    used 1592K, committed 1728K, reserved 1048576K
}
Event: 1.856 GC heap after
{Heap after GC invocations=2 (full 0):
 garbage-first heap   total 129024K, used 11106K [0x0000000083000000, 0x0000000100000000)
  region size 1024K, 4 young (4096K), 4 survivors (4096K)
 Metaspace       used 12772K, committed 12992K, reserved 1114112K
  class space    used 1592K, committed 1728K, reserved 1048576K
}
Event: 2.518 GC heap before
{Heap before GC invocations=2 (full 0):
 garbage-first heap   total 129024K, used 47970K [0x0000000083000000, 0x0000000100000000)
  region size 1024K, 42 young (43008K), 4 survivors (4096K)
 Metaspace       used 21332K, committed 21504K, reserved 1114112K
  class space    used 2680K, committed 2752K, reserved 1048576K
}
Event: 2.524 GC heap after
{Heap after GC invocations=3 (full 0):
 garbage-first heap   total 129024K, used 13815K [0x0000000083000000, 0x0000000100000000)
  region size 1024K, 7 young (7168K), 7 survivors (7168K)
 Metaspace       used 21332K, committed 21504K, reserved 1114112K
  class space    used 2680K, committed 2752K, reserved 1048576K
}
Event: 2.932 GC heap before
{Heap before GC invocations=4 (full 0):
 garbage-first heap   total 55296K, used 38391K [0x0000000083000000, 0x0000000100000000)
  region size 1024K, 32 young (32768K), 7 survivors (7168K)
 Metaspace       used 24321K, committed 24576K, reserved 1114112K
  class space    used 3066K, committed 3200K, reserved 1048576K
}
Event: 2.943 GC heap after
{Heap after GC invocations=5 (full 0):
 garbage-first heap   total 55296K, used 15414K [0x0000000083000000, 0x0000000100000000)
  region size 1024K, 2 young (2048K), 2 survivors (2048K)
 Metaspace       used 24321K, committed 24576K, reserved 1114112K
  class space    used 3066K, committed 3200K, reserved 1048576K
}
Event: 2.955 GC heap before
{Heap before GC invocations=5 (full 0):
 garbage-first heap   total 55296K, used 16438K [0x0000000083000000, 0x0000000100000000)
  region size 1024K, 3 young (3072K), 2 survivors (2048K)
 Metaspace       used 24339K, committed 24576K, reserved 1114112K
  class space    used 3067K, committed 3200K, reserved 1048576K
}
Event: 2.959 GC heap after
{Heap after GC invocations=6 (full 0):
 garbage-first heap   total 55296K, used 15676K [0x0000000083000000, 0x0000000100000000)
  region size 1024K, 1 young (1024K), 1 survivors (1024K)
 Metaspace       used 24339K, committed 24576K, reserved 1114112K
  class space    used 3067K, committed 3200K, reserved 1048576K
}
Event: 3.246 GC heap before
{Heap before GC invocations=6 (full 0):
 garbage-first heap   total 55296K, used 37180K [0x0000000083000000, 0x0000000100000000)
  region size 1024K, 23 young (23552K), 1 survivors (1024K)
 Metaspace       used 25612K, committed 25856K, reserved 1114112K
  class space    used 3202K, committed 3328K, reserved 1048576K
}
Event: 3.250 GC heap after
{Heap after GC invocations=7 (full 0):
 garbage-first heap   total 55296K, used 16220K [0x0000000083000000, 0x0000000100000000)
  region size 1024K, 1 young (1024K), 1 survivors (1024K)
 Metaspace       used 25612K, committed 25856K, reserved 1114112K
  class space    used 3202K, committed 3328K, reserved 1048576K
}
Event: 3.880 GC heap before
{Heap before GC invocations=7 (full 0):
 garbage-first heap   total 55296K, used 39772K [0x0000000083000000, 0x0000000100000000)
  region size 1024K, 24 young (24576K), 1 survivors (1024K)
 Metaspace       used 29175K, committed 29440K, reserved 1114112K
  class space    used 3647K, committed 3776K, reserved 1048576K
}
Event: 3.887 GC heap after
{Heap after GC invocations=8 (full 0):
 garbage-first heap   total 102400K, used 18092K [0x0000000083000000, 0x0000000100000000)
  region size 1024K, 3 young (3072K), 3 survivors (3072K)
 Metaspace       used 29175K, committed 29440K, reserved 1114112K
  class space    used 3647K, committed 3776K, reserved 1048576K
}

